<?xml version="1.0" encoding="UTF-8"?>
<!-- Generated by org.testng.reporters.JUnitReportReporter -->
<testsuite hostname="LAPTOP-SL4APH59" failures="0" tests="3" name="com.travelmedicare.qa.testcases.LoginPageTest" time="37.720" errors="0" timestamp="14 Nov 2019 17:54:44 GMT" skipped="0">
  <testcase classname="com.travelmedicare.qa.testcases.LoginPageTest" name="ValidData_SignIn" time="12.537"/>
  <testcase classname="com.travelmedicare.qa.testcases.LoginPageTest" name="InValidData_BlankEmail_SignIn" time="12.145"/>
  <testcase classname="com.travelmedicare.qa.testcases.LoginPageTest" name="InValidData_BlankPassword_SignIn" time="13.038"/>
</testsuite> <!-- com.travelmedicare.qa.testcases.LoginPageTest -->
