<?xml version="1.0" encoding="UTF-8"?>
<!-- Generated by org.testng.reporters.JUnitReportReporter -->
<testsuite hostname="LAPTOP-SL4APH59" failures="0" tests="3" name="com.travelmedicare.qa.testcases.HomePageTests" time="36.546" errors="0" timestamp="14 Nov 2019 17:54:44 GMT" skipped="0">
  <testcase classname="com.travelmedicare.qa.testcases.HomePageTests" name="clickingOnMyTm_HomePage" time="11.628"/>
  <testcase classname="com.travelmedicare.qa.testcases.HomePageTests" name="ValidatingRegisterBtn_HomePage" time="13.767"/>
  <testcase classname="com.travelmedicare.qa.testcases.HomePageTests" name="validatingLogo_HomePage" time="11.151"/>
</testsuite> <!-- com.travelmedicare.qa.testcases.HomePageTests -->
